<?xml version="1.0" encoding="UTF-8"?>
<!-- Generated by org.testng.reporters.JUnitReportReporter -->
<testsuite hostname="DESKTOP-5EVK54D" failures="0" tests="3" name="execution.RunAmazonTest" time="53.604" errors="0" timestamp="2023-03-04T21:09:46 IST" skipped="0">
  <testcase classname="execution.RunAmazonTest" name="runScenario" time="26.134"/>
  <system-out/>
  <testcase classname="execution.RunAmazonTest" name="runScenario" time="12.436"/>
  <system-out/>
  <testcase classname="execution.RunAmazonTest" name="runScenario" time="15.034"/>
  <system-out/>
</testsuite> <!-- execution.RunAmazonTest -->
