<?xml version="1.0" encoding="UTF-8"?>
<!-- Generated by org.testng.reporters.JUnitReportReporter -->
<testsuite hostname="DESKTOP-5EVK54D" failures="0" tests="1" name="runners.CancelOrderRunner" time="0.470" errors="0" timestamp="2023-02-27T21:49:39 IST" skipped="0">
  <testcase classname="runners.CancelOrderRunner" name="runScenario" time="0.470"/>
  <system-out/>
</testsuite> <!-- runners.CancelOrderRunner -->
