<?xml version="1.0" encoding="UTF-8"?>
<!-- Generated by org.testng.reporters.JUnitReportReporter -->
<testsuite hostname="DESKTOP-5EVK54D" failures="0" tests="3" name="runners.ProfileRunner" time="25.062" errors="0" timestamp="2023-02-26T20:39:58 IST" skipped="0">
  <testcase classname="runners.ProfileRunner" name="runScenario" time="15.225"/>
  <system-out/>
  <testcase classname="runners.ProfileRunner" name="runScenario" time="4.976"/>
  <system-out/>
  <testcase classname="runners.ProfileRunner" name="runScenario" time="4.861"/>
  <system-out/>
</testsuite> <!-- runners.ProfileRunner -->
