<?xml version="1.0" encoding="UTF-8"?>
<!-- Generated by org.testng.reporters.JUnitReportReporter -->
<testsuite hostname="DESKTOP-5EVK54D" failures="0" tests="1" name="runners.RegistrationRunner" time="0.434" errors="0" timestamp="2023-02-26T19:56:35 IST" skipped="0">
  <testcase classname="runners.RegistrationRunner" name="runScenario" time="0.434"/>
  <system-out/>
</testsuite> <!-- runners.RegistrationRunner -->
