<?xml version="1.0" encoding="UTF-8"?>
<!-- Generated by org.testng.reporters.JUnitReportReporter -->
<testsuite hostname="DESKTOP-5EVK54D" failures="0" tests="2" name="parallel.LoginRunner" time="41.797" errors="0" timestamp="2023-02-25T17:17:45 IST" skipped="0">
  <testcase classname="parallel.LoginRunner" name="runScenario" time="20.242"/>
  <system-out/>
  <testcase classname="parallel.LoginRunner" name="runScenario" time="21.555"/>
  <system-out/>
</testsuite> <!-- parallel.LoginRunner -->
