<?xml version="1.0" encoding="UTF-8"?>
<!-- Generated by org.testng.reporters.JUnitReportReporter -->
<testsuite hostname="DESKTOP-5EVK54D" failures="0" tests="2" name="runners.LoginRunner" time="0.515" errors="0" timestamp="2023-02-24T20:28:16 IST" skipped="0">
  <testcase classname="runners.LoginRunner" name="runScenario" time="0.412"/>
  <system-out/>
  <testcase classname="runners.LoginRunner" name="runScenario" time="0.103"/>
  <system-out/>
</testsuite> <!-- runners.LoginRunner -->
