<?xml version="1.0" encoding="UTF-8"?>
<!-- Generated by org.testng.reporters.JUnitReportReporter -->
<testsuite hostname="DESKTOP-5EVK54D" failures="0" tests="3" name="runners.ProfileRunner" time="1.018" errors="0" timestamp="2023-02-27T21:04:14 IST" skipped="0">
  <testcase classname="runners.ProfileRunner" name="runScenario" time="0.152"/>
  <system-out/>
  <testcase classname="runners.ProfileRunner" name="runScenario" time="0.162"/>
  <system-out/>
  <testcase classname="runners.ProfileRunner" name="runScenario" time="0.704"/>
  <system-out/>
</testsuite> <!-- runners.ProfileRunner -->
