<?xml version="1.0" encoding="UTF-8"?>
<!-- Generated by org.testng.reporters.JUnitReportReporter -->
<testsuite hostname="DESKTOP-5EVK54D" failures="0" tests="1" name="runners.SearchRunner" time="0.419" errors="0" timestamp="2023-02-24T21:01:15 IST" skipped="0">
  <testcase classname="runners.SearchRunner" name="runScenario" time="0.419"/>
  <system-out/>
</testsuite> <!-- runners.SearchRunner -->
