<?xml version="1.0" encoding="UTF-8"?>
<!-- Generated by org.testng.reporters.JUnitReportReporter -->
<testsuite hostname="DESKTOP-5EVK54D" failures="0" tests="1" name="runners.LoginRunner" time="0.471" errors="0" timestamp="2023-02-23T21:24:22 IST" skipped="0">
  <testcase classname="runners.LoginRunner" name="runScenario" time="0.471"/>
  <system-out/>
</testsuite> <!-- runners.LoginRunner -->
