<?xml version="1.0" encoding="UTF-8"?>
<!-- Generated by org.testng.reporters.JUnitReportReporter -->
<testsuite hostname="DESKTOP-5EVK54D" failures="0" tests="1" name="runners.LoginRunner" time="0.355" errors="0" timestamp="2023-02-25T17:32:27 IST" skipped="0">
  <testcase classname="runners.LoginRunner" name="runScenario" time="0.355"/>
  <system-out/>
</testsuite> <!-- runners.LoginRunner -->
